#
# There is insufficient memory for the Java Runtime Environment to continue.
# Native memory allocation (mmap) failed to map 65536 bytes for Failed to commit metaspace.
# Possible reasons:
#   The system is out of physical RAM or swap space
#   The process is running with CompressedOops enabled, and the Java Heap may be blocking the growth of the native heap
# Possible solutions:
#   Reduce memory load on the system
#   Increase physical memory or swap space
#   Check if swap backing store is full
#   Decrease Java heap size (-Xmx/-Xms)
#   Decrease number of Java threads
#   Decrease Java thread stack sizes (-Xss)
#   Set larger code cache with -XX:ReservedCodeCacheSize=
#   JVM is running with Zero Based Compressed Oops mode in which the Java heap is
#     placed in the first 32GB address space. The Java Heap base address is the
#     maximum limit for the native heap growth. Please use -XX:HeapBaseMinAddress
#     to set the Java Heap base and to place the Java Heap above 32GB virtual address.
# This output file may be truncated or incomplete.
#
#  Out of Memory Error (virtualSpaceNode.cpp:110), pid=9488, tid=12344
#
# JRE version: Java(TM) SE Runtime Environment (17.0.9+11) (build 17.0.9+11-LTS-201)
# Java VM: Java HotSpot(TM) 64-Bit Server VM (17.0.9+11-LTS-201, mixed mode, sharing, tiered, compressed oops, compressed class ptrs, g1 gc, windows-amd64)
# No core dump will be written. Minidumps are not enabled by default on client versions of Windows
#

---------------  S U M M A R Y ------------

Command Line: -javaagent:C:\Program Files\JetBrains\IntelliJ IDEA Community Edition 2023.3.2\lib\idea_rt.jar=54567:C:\Program Files\JetBrains\IntelliJ IDEA Community Edition 2023.3.2\bin -Dfile.encoding=UTF-8 --module-path=C:\Users\user\.m2\repository\eu\hansolo\tilesfx\11.48\tilesfx-11.48.jar;C:\Users\user\.m2\repository\net\synedra\validatorfx\0.4.0\validatorfx-0.4.0.jar;C:\Users\user\.m2\repository\org\openjfx\javafx-graphics\17.0.6\javafx-graphics-17.0.6-win.jar;C:\Users\user\.m2\repository\com\github\anastaciocintra\escpos-coffee\4.1.0\escpos-coffee-4.1.0.jar;C:\Users\user\.m2\repository\org\kordamp\ikonli\ikonli-javafx\12.3.1\ikonli-javafx-12.3.1.jar;C:\Users\user\.m2\repository\org\openjfx\javafx-controls\17.0.6\javafx-controls-17.0.6-win.jar;C:\Users\user\.m2\repository\org\openjfx\javafx-web\17.0.6\javafx-web-17.0.6-win.jar;C:\Users\user\.m2\repository\org\kordamp\ikonli\ikonli-typicons-pack\12.3.1\ikonli-typicons-pack-12.3.1.jar;C:\Users\user\.m2\repository\org\kordamp\ikonli\ikonli-core\12.3.1\ikonli-core-12.3.1.jar;C:\Users\user\.m2\repository\com\dlsc\formsfx\formsfx-core\11.6.0\formsfx-core-11.6.0.jar;C:\Users\user\.m2\repository\org\kordamp\ikonli\ikonli-fontawesome-pack\12.3.1\ikonli-fontawesome-pack-12.3.1.jar;C:\Users\user\Documents\SEMESTER 4\PBO\Perpustakaan\target\classes;C:\Users\user\.m2\repository\org\openjfx\javafx-base\17.0.6\javafx-base-17.0.6-win.jar;C:\Users\user\.m2\repository\org\controlsfx\controlsfx\11.1.2\controlsfx-11.1.2.jar;C:\Users\user\.m2\repository\org\openjfx\javafx-fxml\17.0.6\javafx-fxml-17.0.6-win.jar;C:\Users\user\.m2\repository\org\openjfx\javafx-media\17.0.6\javafx-media-17.0.6-win.jar;C:\Users\user\.m2\repository\org\xerial\sqlite-jdbc\3.49.1.0\sqlite-jdbc-3.49.1.0.jar;C:\Users\user\.m2\repository\org\kordamp\bootstrapfx\bootstrapfx-core\0.4.0\bootstrapfx-core-0.4.0.jar -Djdk.module.main=org.example.perpustakaan org.example.perpustakaan/org.example.perpustakaan.Login

Host: Intel(R) Core(TM) i7-6600U CPU @ 2.60GHz, 4 cores, 15G,  Windows 10 , 64 bit Build 19041 (10.0.19041.4597)
Time: Mon Jun  9 21:49:36 2025 SE Asia Standard Time elapsed time: 4.219777 seconds (0d 0h 0m 4s)

---------------  T H R E A D  ---------------

Current thread (0x0000016c7f1ede70):  JavaThread "C1 CompilerThread0" daemon [_thread_in_vm, id=12344, stack(0x0000001be3e00000,0x0000001be3f00000)]


Current CompileTask:
C1:   4220  715       3       java.lang.invoke.VarHandleGuards::guard_LI_I (78 bytes)

Stack: [0x0000001be3e00000,0x0000001be3f00000]
Native frames: (J=compiled Java code, j=interpreted, Vv=VM code, C=native code)
V  [jvm.dll+0x678a4a]
V  [jvm.dll+0x7d9cfd]
V  [jvm.dll+0x7db60e]
V  [jvm.dll+0x7dbc73]
V  [jvm.dll+0x245e1f]
V  [jvm.dll+0x7d5a0b]
V  [jvm.dll+0x61ebc6]
V  [jvm.dll+0x61ec2a]
V  [jvm.dll+0x62145d]
V  [jvm.dll+0x61f586]
V  [jvm.dll+0x63060a]
V  [jvm.dll+0x6295aa]
V  [jvm.dll+0x1cc0c0]
V  [jvm.dll+0x1cc2b0]
V  [jvm.dll+0x1466d1]
V  [jvm.dll+0x146515]
V  [jvm.dll+0x13e240]
V  [jvm.dll+0x1404ce]
V  [jvm.dll+0x13ead5]
V  [jvm.dll+0x138c18]
V  [jvm.dll+0x148176]
V  [jvm.dll+0x134330]
V  [jvm.dll+0x134690]
V  [jvm.dll+0x134958]
V  [jvm.dll+0x133df1]
V  [jvm.dll+0x135a8d]
V  [jvm.dll+0x2272de]
V  [jvm.dll+0x22548b]
V  [jvm.dll+0x78f58c]
V  [jvm.dll+0x78998a]
V  [jvm.dll+0x677875]
C  [ucrtbase.dll+0x21bb2]
C  [KERNEL32.DLL+0x17374]
C  [ntdll.dll+0x4cc91]


---------------  P R O C E S S  ---------------

Threads class SMR info:
_java_thread_list=0x0000016c7f61c750, length=14, elements={
0x0000016c6df38870, 0x0000016c7f1a70c0, 0x0000016c7f1a7e50, 0x0000016c7f1bb060,
0x0000016c7f1bbb30, 0x0000016c7f1be410, 0x0000016c7f1bece0, 0x0000016c7f1bf990,
0x0000016c7f1ede70, 0x0000016c7f1ee390, 0x0000016c7f18f230, 0x0000016c7f3d02d0,
0x0000016c7f5b2520, 0x0000016c7f7afe60
}

Java Threads: ( => current thread )
  0x0000016c6df38870 JavaThread "main" [_thread_in_Java, id=3960, stack(0x0000001be2f00000,0x0000001be3000000)]
  0x0000016c7f1a70c0 JavaThread "Reference Handler" daemon [_thread_blocked, id=8260, stack(0x0000001be3700000,0x0000001be3800000)]
  0x0000016c7f1a7e50 JavaThread "Finalizer" daemon [_thread_blocked, id=9188, stack(0x0000001be3800000,0x0000001be3900000)]
  0x0000016c7f1bb060 JavaThread "Signal Dispatcher" daemon [_thread_blocked, id=13944, stack(0x0000001be3900000,0x0000001be3a00000)]
  0x0000016c7f1bbb30 JavaThread "Attach Listener" daemon [_thread_blocked, id=3464, stack(0x0000001be3a00000,0x0000001be3b00000)]
  0x0000016c7f1be410 JavaThread "Service Thread" daemon [_thread_blocked, id=6532, stack(0x0000001be3b00000,0x0000001be3c00000)]
  0x0000016c7f1bece0 JavaThread "Monitor Deflation Thread" daemon [_thread_blocked, id=18072, stack(0x0000001be3c00000,0x0000001be3d00000)]
  0x0000016c7f1bf990 JavaThread "C2 CompilerThread0" daemon [_thread_blocked, id=8392, stack(0x0000001be3d00000,0x0000001be3e00000)]
=>0x0000016c7f1ede70 JavaThread "C1 CompilerThread0" daemon [_thread_in_vm, id=12344, stack(0x0000001be3e00000,0x0000001be3f00000)]
  0x0000016c7f1ee390 JavaThread "Sweeper thread" daemon [_thread_blocked, id=7532, stack(0x0000001be3f00000,0x0000001be4000000)]
  0x0000016c7f18f230 JavaThread "Common-Cleaner" daemon [_thread_blocked, id=3856, stack(0x0000001be4000000,0x0000001be4100000)]
  0x0000016c7f3d02d0 JavaThread "C2 CompilerThread1" daemon [_thread_blocked, id=11896, stack(0x0000001be4100000,0x0000001be4200000)]
  0x0000016c7f5b2520 JavaThread "Monitor Ctrl-Break" daemon [_thread_in_native, id=15580, stack(0x0000001be4200000,0x0000001be4300000)]
  0x0000016c7f7afe60 JavaThread "Notification Thread" daemon [_thread_blocked, id=2440, stack(0x0000001be4300000,0x0000001be4400000)]

Other Threads:
  0x0000016c7f1a1540 VMThread "VM Thread" [stack: 0x0000001be3600000,0x0000001be3700000] [id=17884]
  0x0000016c6df39830 WatcherThread [stack: 0x0000001be4400000,0x0000001be4500000] [id=16024]
  0x0000016c6dfa0db0 GCTaskThread "GC Thread#0" [stack: 0x0000001be3100000,0x0000001be3200000] [id=18084]
  0x0000016c6dfb2aa0 ConcurrentGCThread "G1 Main Marker" [stack: 0x0000001be3200000,0x0000001be3300000] [id=5640]
  0x0000016c6dfb53e0 ConcurrentGCThread "G1 Conc#0" [stack: 0x0000001be3300000,0x0000001be3400000] [id=4716]
  0x0000016c6e00eaf0 ConcurrentGCThread "G1 Refine#0" [stack: 0x0000001be3400000,0x0000001be3500000] [id=4012]
  0x0000016c7f05a650 ConcurrentGCThread "G1 Service" [stack: 0x0000001be3500000,0x0000001be3600000] [id=13624]

Threads with active compile tasks:
C1 CompilerThread0     4261  715       3       java.lang.invoke.VarHandleGuards::guard_LI_I (78 bytes)

VM state: not at safepoint (normal execution)

VM Mutex/Monitor currently owned by a thread:  ([mutex/lock_event])
[0x0000016c6df333e0] Metaspace_lock - owner thread: 0x0000016c7f1ede70
[0x0000016c6df34240] MethodData_lock - owner thread: 0x0000016c7f1ede70

Heap address: 0x0000000705800000, size: 4008 MB, Compressed Oops mode: Zero based, Oop shift amount: 3

CDS archive(s) mapped at: [0x0000016c11000000-0x0000016c11bd0000-0x0000016c11bd0000), size 12386304, SharedBaseAddress: 0x0000016c11000000, ArchiveRelocationMode: 1.
Compressed class space mapped at: 0x0000016c12000000-0x0000016c52000000, reserved size: 1073741824
Narrow klass base: 0x0000016c11000000, Narrow klass shift: 0, Narrow klass range: 0x100000000

GC Precious Log:
 CPUs: 4 total, 4 available
 Memory: 16031M
 Large Page Support: Disabled
 NUMA Support: Disabled
 Compressed Oops: Enabled (Zero based)
 Heap Region Size: 2M
 Heap Min Capacity: 8M
 Heap Initial Capacity: 252M
 Heap Max Capacity: 4008M
 Pre-touch: Disabled
 Parallel Workers: 4
 Concurrent Workers: 1
 Concurrent Refinement Workers: 4
 Periodic GC: Disabled

Heap:
 garbage-first heap   total 258048K, used 8192K [0x0000000705800000, 0x0000000800000000)
  region size 2048K, 6 young (12288K), 0 survivors (0K)
 Metaspace       used 2309K, committed 2432K, reserved 1114112K
  class space    used 246K, committed 320K, reserved 1048576K

Heap Regions: E=young(eden), S=young(survivor), O=old, HS=humongous(starts), HC=humongous(continues), CS=collection set, F=free, OA=open archive, CA=closed archive, TAMS=top-at-mark-start (previous, next)
|   0|0x0000000705800000, 0x0000000705800000, 0x0000000705a00000|  0%| F|  |TAMS 0x0000000705800000, 0x0000000705800000| Untracked 
|   1|0x0000000705a00000, 0x0000000705a00000, 0x0000000705c00000|  0%| F|  |TAMS 0x0000000705a00000, 0x0000000705a00000| Untracked 
|   2|0x0000000705c00000, 0x0000000705c00000, 0x0000000705e00000|  0%| F|  |TAMS 0x0000000705c00000, 0x0000000705c00000| Untracked 
|   3|0x0000000705e00000, 0x0000000705e00000, 0x0000000706000000|  0%| F|  |TAMS 0x0000000705e00000, 0x0000000705e00000| Untracked 
|   4|0x0000000706000000, 0x0000000706000000, 0x0000000706200000|  0%| F|  |TAMS 0x0000000706000000, 0x0000000706000000| Untracked 
|   5|0x0000000706200000, 0x0000000706200000, 0x0000000706400000|  0%| F|  |TAMS 0x0000000706200000, 0x0000000706200000| Untracked 
|   6|0x0000000706400000, 0x0000000706400000, 0x0000000706600000|  0%| F|  |TAMS 0x0000000706400000, 0x0000000706400000| Untracked 
|   7|0x0000000706600000, 0x0000000706600000, 0x0000000706800000|  0%| F|  |TAMS 0x0000000706600000, 0x0000000706600000| Untracked 
|   8|0x0000000706800000, 0x0000000706800000, 0x0000000706a00000|  0%| F|  |TAMS 0x0000000706800000, 0x0000000706800000| Untracked 
|   9|0x0000000706a00000, 0x0000000706a00000, 0x0000000706c00000|  0%| F|  |TAMS 0x0000000706a00000, 0x0000000706a00000| Untracked 
|  10|0x0000000706c00000, 0x0000000706c00000, 0x0000000706e00000|  0%| F|  |TAMS 0x0000000706c00000, 0x0000000706c00000| Untracked 
|  11|0x0000000706e00000, 0x0000000706e00000, 0x0000000707000000|  0%| F|  |TAMS 0x0000000706e00000, 0x0000000706e00000| Untracked 
|  12|0x0000000707000000, 0x0000000707000000, 0x0000000707200000|  0%| F|  |TAMS 0x0000000707000000, 0x0000000707000000| Untracked 
|  13|0x0000000707200000, 0x0000000707200000, 0x0000000707400000|  0%| F|  |TAMS 0x0000000707200000, 0x0000000707200000| Untracked 
|  14|0x0000000707400000, 0x0000000707400000, 0x0000000707600000|  0%| F|  |TAMS 0x0000000707400000, 0x0000000707400000| Untracked 
|  15|0x0000000707600000, 0x0000000707600000, 0x0000000707800000|  0%| F|  |TAMS 0x0000000707600000, 0x0000000707600000| Untracked 
|  16|0x0000000707800000, 0x0000000707800000, 0x0000000707a00000|  0%| F|  |TAMS 0x0000000707800000, 0x0000000707800000| Untracked 
|  17|0x0000000707a00000, 0x0000000707a00000, 0x0000000707c00000|  0%| F|  |TAMS 0x0000000707a00000, 0x0000000707a00000| Untracked 
|  18|0x0000000707c00000, 0x0000000707c00000, 0x0000000707e00000|  0%| F|  |TAMS 0x0000000707c00000, 0x0000000707c00000| Untracked 
|  19|0x0000000707e00000, 0x0000000707e00000, 0x0000000708000000|  0%| F|  |TAMS 0x0000000707e00000, 0x0000000707e00000| Untracked 
|  20|0x0000000708000000, 0x0000000708000000, 0x0000000708200000|  0%| F|  |TAMS 0x0000000708000000, 0x0000000708000000| Untracked 
|  21|0x0000000708200000, 0x0000000708200000, 0x0000000708400000|  0%| F|  |TAMS 0x0000000708200000, 0x0000000708200000| Untracked 
|  22|0x0000000708400000, 0x0000000708400000, 0x0000000708600000|  0%| F|  |TAMS 0x0000000708400000, 0x0000000708400000| Untracked 
|  23|0x0000000708600000, 0x0000000708600000, 0x0000000708800000|  0%| F|  |TAMS 0x0000000708600000, 0x0000000708600000| Untracked 
|  24|0x0000000708800000, 0x0000000708800000, 0x0000000708a00000|  0%| F|  |TAMS 0x0000000708800000, 0x0000000708800000| Untracked 
|  25|0x0000000708a00000, 0x0000000708a00000, 0x0000000708c00000|  0%| F|  |TAMS 0x0000000708a00000, 0x0000000708a00000| Untracked 
|  26|0x0000000708c00000, 0x0000000708c00000, 0x0000000708e00000|  0%| F|  |TAMS 0x0000000708c00000, 0x0000000708c00000| Untracked 
|  27|0x0000000708e00000, 0x0000000708e00000, 0x0000000709000000|  0%| F|  |TAMS 0x0000000708e00000, 0x0000000708e00000| Untracked 
|  28|0x0000000709000000, 0x0000000709000000, 0x0000000709200000|  0%| F|  |TAMS 0x0000000709000000, 0x0000000709000000| Untracked 
|  29|0x0000000709200000, 0x0000000709200000, 0x0000000709400000|  0%| F|  |TAMS 0x0000000709200000, 0x0000000709200000| Untracked 
|  30|0x0000000709400000, 0x0000000709400000, 0x0000000709600000|  0%| F|  |TAMS 0x0000000709400000, 0x0000000709400000| Untracked 
|  31|0x0000000709600000, 0x0000000709600000, 0x0000000709800000|  0%| F|  |TAMS 0x0000000709600000, 0x0000000709600000| Untracked 
|  32|0x0000000709800000, 0x0000000709800000, 0x0000000709a00000|  0%| F|  |TAMS 0x0000000709800000, 0x0000000709800000| Untracked 
|  33|0x0000000709a00000, 0x0000000709a00000, 0x0000000709c00000|  0%| F|  |TAMS 0x0000000709a00000, 0x0000000709a00000| Untracked 
|  34|0x0000000709c00000, 0x0000000709c00000, 0x0000000709e00000|  0%| F|  |TAMS 0x0000000709c00000, 0x0000000709c00000| Untracked 
|  35|0x0000000709e00000, 0x0000000709e00000, 0x000000070a000000|  0%| F|  |TAMS 0x0000000709e00000, 0x0000000709e00000| Untracked 
|  36|0x000000070a000000, 0x000000070a000000, 0x000000070a200000|  0%| F|  |TAMS 0x000000070a000000, 0x000000070a000000| Untracked 
|  37|0x000000070a200000, 0x000000070a200000, 0x000000070a400000|  0%| F|  |TAMS 0x000000070a200000, 0x000000070a200000| Untracked 
|  38|0x000000070a400000, 0x000000070a400000, 0x000000070a600000|  0%| F|  |TAMS 0x000000070a400000, 0x000000070a400000| Untracked 
|  39|0x000000070a600000, 0x000000070a600000, 0x000000070a800000|  0%| F|  |TAMS 0x000000070a600000, 0x000000070a600000| Untracked 
|  40|0x000000070a800000, 0x000000070a800000, 0x000000070aa00000|  0%| F|  |TAMS 0x000000070a800000, 0x000000070a800000| Untracked 
|  41|0x000000070aa00000, 0x000000070aa00000, 0x000000070ac00000|  0%| F|  |TAMS 0x000000070aa00000, 0x000000070aa00000| Untracked 
|  42|0x000000070ac00000, 0x000000070ac00000, 0x000000070ae00000|  0%| F|  |TAMS 0x000000070ac00000, 0x000000070ac00000| Untracked 
|  43|0x000000070ae00000, 0x000000070ae00000, 0x000000070b000000|  0%| F|  |TAMS 0x000000070ae00000, 0x000000070ae00000| Untracked 
|  44|0x000000070b000000, 0x000000070b000000, 0x000000070b200000|  0%| F|  |TAMS 0x000000070b000000, 0x000000070b000000| Untracked 
|  45|0x000000070b200000, 0x000000070b200000, 0x000000070b400000|  0%| F|  |TAMS 0x000000070b200000, 0x000000070b200000| Untracked 
|  46|0x000000070b400000, 0x000000070b400000, 0x000000070b600000|  0%| F|  |TAMS 0x000000070b400000, 0x000000070b400000| Untracked 
|  47|0x000000070b600000, 0x000000070b600000, 0x000000070b800000|  0%| F|  |TAMS 0x000000070b600000, 0x000000070b600000| Untracked 
|  48|0x000000070b800000, 0x000000070b800000, 0x000000070ba00000|  0%| F|  |TAMS 0x000000070b800000, 0x000000070b800000| Untracked 
|  49|0x000000070ba00000, 0x000000070ba00000, 0x000000070bc00000|  0%| F|  |TAMS 0x000000070ba00000, 0x000000070ba00000| Untracked 
|  50|0x000000070bc00000, 0x000000070bc00000, 0x000000070be00000|  0%| F|  |TAMS 0x000000070bc00000, 0x000000070bc00000| Untracked 
|  51|0x000000070be00000, 0x000000070be00000, 0x000000070c000000|  0%| F|  |TAMS 0x000000070be00000, 0x000000070be00000| Untracked 
|  52|0x000000070c000000, 0x000000070c000000, 0x000000070c200000|  0%| F|  |TAMS 0x000000070c000000, 0x000000070c000000| Untracked 
|  53|0x000000070c200000, 0x000000070c200000, 0x000000070c400000|  0%| F|  |TAMS 0x000000070c200000, 0x000000070c200000| Untracked 
|  54|0x000000070c400000, 0x000000070c400000, 0x000000070c600000|  0%| F|  |TAMS 0x000000070c400000, 0x000000070c400000| Untracked 
|  55|0x000000070c600000, 0x000000070c600000, 0x000000070c800000|  0%| F|  |TAMS 0x000000070c600000, 0x000000070c600000| Untracked 
|  56|0x000000070c800000, 0x000000070c800000, 0x000000070ca00000|  0%| F|  |TAMS 0x000000070c800000, 0x000000070c800000| Untracked 
|  57|0x000000070ca00000, 0x000000070ca00000, 0x000000070cc00000|  0%| F|  |TAMS 0x000000070ca00000, 0x000000070ca00000| Untracked 
|  58|0x000000070cc00000, 0x000000070cc00000, 0x000000070ce00000|  0%| F|  |TAMS 0x000000070cc00000, 0x000000070cc00000| Untracked 
|  59|0x000000070ce00000, 0x000000070ce00000, 0x000000070d000000|  0%| F|  |TAMS 0x000000070ce00000, 0x000000070ce00000| Untracked 
|  60|0x000000070d000000, 0x000000070d000000, 0x000000070d200000|  0%| F|  |TAMS 0x000000070d000000, 0x000000070d000000| Untracked 
|  61|0x000000070d200000, 0x000000070d200000, 0x000000070d400000|  0%| F|  |TAMS 0x000000070d200000, 0x000000070d200000| Untracked 
|  62|0x000000070d400000, 0x000000070d400000, 0x000000070d600000|  0%| F|  |TAMS 0x000000070d400000, 0x000000070d400000| Untracked 
|  63|0x000000070d600000, 0x000000070d600000, 0x000000070d800000|  0%| F|  |TAMS 0x000000070d600000, 0x000000070d600000| Untracked 
|  64|0x000000070d800000, 0x000000070d800000, 0x000000070da00000|  0%| F|  |TAMS 0x000000070d800000, 0x000000070d800000| Untracked 
|  65|0x000000070da00000, 0x000000070da00000, 0x000000070dc00000|  0%| F|  |TAMS 0x000000070da00000, 0x000000070da00000| Untracked 
|  66|0x000000070dc00000, 0x000000070dc00000, 0x000000070de00000|  0%| F|  |TAMS 0x000000070dc00000, 0x000000070dc00000| Untracked 
|  67|0x000000070de00000, 0x000000070de00000, 0x000000070e000000|  0%| F|  |TAMS 0x000000070de00000, 0x000000070de00000| Untracked 
|  68|0x000000070e000000, 0x000000070e000000, 0x000000070e200000|  0%| F|  |TAMS 0x000000070e000000, 0x000000070e000000| Untracked 
|  69|0x000000070e200000, 0x000000070e200000, 0x000000070e400000|  0%| F|  |TAMS 0x000000070e200000, 0x000000070e200000| Untracked 
|  70|0x000000070e400000, 0x000000070e400000, 0x000000070e600000|  0%| F|  |TAMS 0x000000070e400000, 0x000000070e400000| Untracked 
|  71|0x000000070e600000, 0x000000070e600000, 0x000000070e800000|  0%| F|  |TAMS 0x000000070e600000, 0x000000070e600000| Untracked 
|  72|0x000000070e800000, 0x000000070e800000, 0x000000070ea00000|  0%| F|  |TAMS 0x000000070e800000, 0x000000070e800000| Untracked 
|  73|0x000000070ea00000, 0x000000070ea00000, 0x000000070ec00000|  0%| F|  |TAMS 0x000000070ea00000, 0x000000070ea00000| Untracked 
|  74|0x000000070ec00000, 0x000000070ec00000, 0x000000070ee00000|  0%| F|  |TAMS 0x000000070ec00000, 0x000000070ec00000| Untracked 
|  75|0x000000070ee00000, 0x000000070ee00000, 0x000000070f000000|  0%| F|  |TAMS 0x000000070ee00000, 0x000000070ee00000| Untracked 
|  76|0x000000070f000000, 0x000000070f000000, 0x000000070f200000|  0%| F|  |TAMS 0x000000070f000000, 0x000000070f000000| Untracked 
|  77|0x000000070f200000, 0x000000070f200000, 0x000000070f400000|  0%| F|  |TAMS 0x000000070f200000, 0x000000070f200000| Untracked 
|  78|0x000000070f400000, 0x000000070f400000, 0x000000070f600000|  0%| F|  |TAMS 0x000000070f400000, 0x000000070f400000| Untracked 
|  79|0x000000070f600000, 0x000000070f600000, 0x000000070f800000|  0%| F|  |TAMS 0x000000070f600000, 0x000000070f600000| Untracked 
|  80|0x000000070f800000, 0x000000070f800000, 0x000000070fa00000|  0%| F|  |TAMS 0x000000070f800000, 0x000000070f800000| Untracked 
|  81|0x000000070fa00000, 0x000000070fa00000, 0x000000070fc00000|  0%| F|  |TAMS 0x000000070fa00000, 0x000000070fa00000| Untracked 
|  82|0x000000070fc00000, 0x000000070fc00000, 0x000000070fe00000|  0%| F|  |TAMS 0x000000070fc00000, 0x000000070fc00000| Untracked 
|  83|0x000000070fe00000, 0x000000070fe00000, 0x0000000710000000|  0%| F|  |TAMS 0x000000070fe00000, 0x000000070fe00000| Untracked 
|  84|0x0000000710000000, 0x0000000710000000, 0x0000000710200000|  0%| F|  |TAMS 0x0000000710000000, 0x0000000710000000| Untracked 
|  85|0x0000000710200000, 0x0000000710200000, 0x0000000710400000|  0%| F|  |TAMS 0x0000000710200000, 0x0000000710200000| Untracked 
|  86|0x0000000710400000, 0x0000000710400000, 0x0000000710600000|  0%| F|  |TAMS 0x0000000710400000, 0x0000000710400000| Untracked 
|  87|0x0000000710600000, 0x0000000710600000, 0x0000000710800000|  0%| F|  |TAMS 0x0000000710600000, 0x0000000710600000| Untracked 
|  88|0x0000000710800000, 0x0000000710800000, 0x0000000710a00000|  0%| F|  |TAMS 0x0000000710800000, 0x0000000710800000| Untracked 
|  89|0x0000000710a00000, 0x0000000710a00000, 0x0000000710c00000|  0%| F|  |TAMS 0x0000000710a00000, 0x0000000710a00000| Untracked 
|  90|0x0000000710c00000, 0x0000000710c00000, 0x0000000710e00000|  0%| F|  |TAMS 0x0000000710c00000, 0x0000000710c00000| Untracked 
|  91|0x0000000710e00000, 0x0000000710e00000, 0x0000000711000000|  0%| F|  |TAMS 0x0000000710e00000, 0x0000000710e00000| Untracked 
|  92|0x0000000711000000, 0x0000000711000000, 0x0000000711200000|  0%| F|  |TAMS 0x0000000711000000, 0x0000000711000000| Untracked 
|  93|0x0000000711200000, 0x0000000711200000, 0x0000000711400000|  0%| F|  |TAMS 0x0000000711200000, 0x0000000711200000| Untracked 
|  94|0x0000000711400000, 0x0000000711400000, 0x0000000711600000|  0%| F|  |TAMS 0x0000000711400000, 0x0000000711400000| Untracked 
|  95|0x0000000711600000, 0x0000000711600000, 0x0000000711800000|  0%| F|  |TAMS 0x0000000711600000, 0x0000000711600000| Untracked 
|  96|0x0000000711800000, 0x0000000711800000, 0x0000000711a00000|  0%| F|  |TAMS 0x0000000711800000, 0x0000000711800000| Untracked 
|  97|0x0000000711a00000, 0x0000000711a00000, 0x0000000711c00000|  0%| F|  |TAMS 0x0000000711a00000, 0x0000000711a00000| Untracked 
|  98|0x0000000711c00000, 0x0000000711c00000, 0x0000000711e00000|  0%| F|  |TAMS 0x0000000711c00000, 0x0000000711c00000| Untracked 
|  99|0x0000000711e00000, 0x0000000711e00000, 0x0000000712000000|  0%| F|  |TAMS 0x0000000711e00000, 0x0000000711e00000| Untracked 
| 100|0x0000000712000000, 0x0000000712000000, 0x0000000712200000|  0%| F|  |TAMS 0x0000000712000000, 0x0000000712000000| Untracked 
| 101|0x0000000712200000, 0x0000000712200000, 0x0000000712400000|  0%| F|  |TAMS 0x0000000712200000, 0x0000000712200000| Untracked 
| 102|0x0000000712400000, 0x0000000712400000, 0x0000000712600000|  0%| F|  |TAMS 0x0000000712400000, 0x0000000712400000| Untracked 
| 103|0x0000000712600000, 0x0000000712600000, 0x0000000712800000|  0%| F|  |TAMS 0x0000000712600000, 0x0000000712600000| Untracked 
| 104|0x0000000712800000, 0x0000000712800000, 0x0000000712a00000|  0%| F|  |TAMS 0x0000000712800000, 0x0000000712800000| Untracked 
| 105|0x0000000712a00000, 0x0000000712a00000, 0x0000000712c00000|  0%| F|  |TAMS 0x0000000712a00000, 0x0000000712a00000| Untracked 
| 106|0x0000000712c00000, 0x0000000712c00000, 0x0000000712e00000|  0%| F|  |TAMS 0x0000000712c00000, 0x0000000712c00000| Untracked 
| 107|0x0000000712e00000, 0x0000000712e00000, 0x0000000713000000|  0%| F|  |TAMS 0x0000000712e00000, 0x0000000712e00000| Untracked 
| 108|0x0000000713000000, 0x0000000713000000, 0x0000000713200000|  0%| F|  |TAMS 0x0000000713000000, 0x0000000713000000| Untracked 
| 109|0x0000000713200000, 0x0000000713200000, 0x0000000713400000|  0%| F|  |TAMS 0x0000000713200000, 0x0000000713200000| Untracked 
| 110|0x0000000713400000, 0x0000000713400000, 0x0000000713600000|  0%| F|  |TAMS 0x0000000713400000, 0x0000000713400000| Untracked 
| 111|0x0000000713600000, 0x0000000713600000, 0x0000000713800000|  0%| F|  |TAMS 0x0000000713600000, 0x0000000713600000| Untracked 
| 112|0x0000000713800000, 0x0000000713800000, 0x0000000713a00000|  0%| F|  |TAMS 0x0000000713800000, 0x0000000713800000| Untracked 
| 113|0x0000000713a00000, 0x0000000713a00000, 0x0000000713c00000|  0%| F|  |TAMS 0x0000000713a00000, 0x0000000713a00000| Untracked 
| 114|0x0000000713c00000, 0x0000000713c00000, 0x0000000713e00000|  0%| F|  |TAMS 0x0000000713c00000, 0x0000000713c00000| Untracked 
| 115|0x0000000713e00000, 0x0000000713e00000, 0x0000000714000000|  0%| F|  |TAMS 0x0000000713e00000, 0x0000000713e00000| Untracked 
| 116|0x0000000714000000, 0x0000000714000000, 0x0000000714200000|  0%| F|  |TAMS 0x0000000714000000, 0x0000000714000000| Untracked 
| 117|0x0000000714200000, 0x0000000714200000, 0x0000000714400000|  0%| F|  |TAMS 0x0000000714200000, 0x0000000714200000| Untracked 
| 118|0x0000000714400000, 0x0000000714400000, 0x0000000714600000|  0%| F|  |TAMS 0x0000000714400000, 0x0000000714400000| Untracked 
| 119|0x0000000714600000, 0x0000000714600000, 0x0000000714800000|  0%| F|  |TAMS 0x0000000714600000, 0x0000000714600000| Untracked 
| 120|0x0000000714800000, 0x00000007149c4050, 0x0000000714a00000| 88%| E|  |TAMS 0x0000000714800000, 0x0000000714800000| Complete 
| 121|0x0000000714a00000, 0x0000000714c00000, 0x0000000714c00000|100%| E|  |TAMS 0x0000000714a00000, 0x0000000714a00000| Complete 
| 122|0x0000000714c00000, 0x0000000714e00000, 0x0000000714e00000|100%| E|CS|TAMS 0x0000000714c00000, 0x0000000714c00000| Complete 
| 123|0x0000000714e00000, 0x0000000715000000, 0x0000000715000000|100%| E|CS|TAMS 0x0000000714e00000, 0x0000000714e00000| Complete 
| 124|0x0000000715000000, 0x0000000715200000, 0x0000000715200000|100%| E|CS|TAMS 0x0000000715000000, 0x0000000715000000| Complete 
| 125|0x0000000715200000, 0x0000000715400000, 0x0000000715400000|100%| E|CS|TAMS 0x0000000715200000, 0x0000000715200000| Complete 

Card table byte_map: [0x0000016c75fc0000,0x0000016c767a0000] _byte_map_base: 0x0000016c72794000

Marking Bits (Prev, Next): (CMBitMap*) 0x0000016c6dfa26f0, (CMBitMap*) 0x0000016c6dfa2730
 Prev Bits: [0x0000016c76f80000, 0x0000016c7ae20000)
 Next Bits: [0x0000016c7ae20000, 0x0000016c7ecc0000)

Polling page: 0x0000016c6d710000

Metaspace:

Usage:
  Non-class:      2.01 MB used.
      Class:    246.60 KB used.
       Both:      2.26 MB used.

Virtual space:
  Non-class space:       64.00 MB reserved,       2.06 MB (  3%) committed,  1 nodes.
      Class space:        1.00 GB reserved,     320.00 KB ( <1%) committed,  1 nodes.
             Both:        1.06 GB reserved,       2.38 MB ( <1%) committed. 

Chunk freelists:
   Non-Class:  11.59 MB
       Class:  15.65 MB
        Both:  27.25 MB

MaxMetaspaceSize: unlimited
CompressedClassSpaceSize: 1.00 GB
Initial GC threshold: 21.00 MB
Current GC threshold: 21.00 MB
CDS: on
MetaspaceReclaimPolicy: balanced
 - commit_granule_bytes: 65536.
 - commit_granule_words: 8192.
 - virtual_space_node_default_size: 8388608.
 - enlarge_chunks_in_place: 1.
 - new_chunks_are_fully_committed: 0.
 - uncommit_free_chunks: 1.
 - use_allocation_guard: 0.
 - handle_deallocations: 1.


Internal statistics:

num_allocs_failed_limit: 0.
num_arena_births: 62.
num_arena_deaths: 0.
num_vsnodes_births: 2.
num_vsnodes_deaths: 0.
num_space_committed: 38.
num_space_uncommitted: 0.
num_chunks_returned_to_freelist: 0.
num_chunks_taken_from_freelist: 85.
num_chunk_merges: 0.
num_chunk_splits: 61.
num_chunks_enlarged: 44.
num_inconsistent_stats: 0.

CodeHeap 'non-profiled nmethods': size=120000Kb used=311Kb max_used=311Kb free=119688Kb
 bounds [0x0000016c07ad0000, 0x0000016c07d40000, 0x0000016c0f000000]
CodeHeap 'profiled nmethods': size=120000Kb used=1029Kb max_used=1029Kb free=118970Kb
 bounds [0x0000016c00000000, 0x0000016c00270000, 0x0000016c07530000]
CodeHeap 'non-nmethods': size=5760Kb used=1137Kb max_used=1150Kb free=4623Kb
 bounds [0x0000016c07530000, 0x0000016c077a0000, 0x0000016c07ad0000]
 total_blobs=1138 nmethods=715 adapters=336
 compilation: enabled
              stopped_count=0, restarted_count=0
 full_count=0

Compilation events (20 events):
Event: 4.203 Thread 0x0000016c7f1ede70  707  s    3       java.util.Properties::put (10 bytes)
Event: 4.203 Thread 0x0000016c7f1ede70 nmethod 707 0x0000016c000fd010 code [0x0000016c000fd1c0, 0x0000016c000fd428]
Event: 4.203 Thread 0x0000016c7f1bf990 nmethod 705 0x0000016c07b1d790 code [0x0000016c07b1d900, 0x0000016c07b1d9f8]
Event: 4.206 Thread 0x0000016c7f1ede70  708       3       java.lang.invoke.MethodHandles$Lookup::isClassAccessible (53 bytes)
Event: 4.207 Thread 0x0000016c7f1ede70 nmethod 708 0x0000016c000fd510 code [0x0000016c000fd720, 0x0000016c000fdcf8]
Event: 4.208 Thread 0x0000016c7f1ede70  709       3       sun.invoke.util.BytecodeDescriptor::unparse (24 bytes)
Event: 4.208 Thread 0x0000016c7f1ede70 nmethod 709 0x0000016c000fdf10 code [0x0000016c000fe0c0, 0x0000016c000fe2c8]
Event: 4.214 Thread 0x0000016c7f1ede70  710       1       java.lang.invoke.VarHandle::isDirect (2 bytes)
Event: 4.214 Thread 0x0000016c7f1ede70 nmethod 710 0x0000016c07b1db10 code [0x0000016c07b1dca0, 0x0000016c07b1dd78]
Event: 4.214 Thread 0x0000016c7f1ede70  711       3       jdk.internal.util.Preconditions::checkIndex (18 bytes)
Event: 4.214 Thread 0x0000016c7f1ede70 nmethod 711 0x0000016c000fe390 code [0x0000016c000fe540, 0x0000016c000fe6e8]
Event: 4.214 Thread 0x0000016c7f1ede70  712       3       java.lang.invoke.VarHandle::checkExactAccessMode (28 bytes)
Event: 4.215 Thread 0x0000016c7f1ede70 nmethod 712 0x0000016c000fe790 code [0x0000016c000fe9c0, 0x0000016c000ff5e8]
Event: 4.215 Thread 0x0000016c7f1ede70  713       3       java.lang.invoke.VarForm::getMemberName (20 bytes)
Event: 4.216 Thread 0x0000016c7f1ede70 nmethod 713 0x0000016c000ff990 code [0x0000016c000ffb60, 0x0000016c000ffe78]
Event: 4.216 Thread 0x0000016c7f1ede70  714       3       java.lang.invoke.VarForm::getMemberNameOrNull (19 bytes)
Event: 4.216 Thread 0x0000016c7f1ede70 nmethod 714 0x0000016c00100010 code [0x0000016c001001c0, 0x0000016c00100368]
Event: 4.216 Thread 0x0000016c7f1ede70  718       3       java.lang.invoke.VarHandle::accessModeType (31 bytes)
Event: 4.217 Thread 0x0000016c7f1ede70 nmethod 718 0x0000016c00100490 code [0x0000016c001006a0, 0x0000016c00101178]
Event: 4.217 Thread 0x0000016c7f1ede70  715       3       java.lang.invoke.VarHandleGuards::guard_LI_I (78 bytes)

GC Heap History (0 events):
No events

Deoptimization events (20 events):
Event: 3.839 Thread 0x0000016c6df38870 Uncommon trap: trap_request=0xffffff45 fr.pc=0x0000016c07ae181c relative=0x00000000000003fc
Event: 3.839 Thread 0x0000016c6df38870 Uncommon trap: reason=unstable_if action=reinterpret pc=0x0000016c07ae181c method=java.lang.StringLatin1.newString([BII)Ljava/lang/String; @ 1 c2
Event: 3.839 Thread 0x0000016c6df38870 DEOPT PACKING pc=0x0000016c07ae181c sp=0x0000001be2ffe770
Event: 3.839 Thread 0x0000016c6df38870 DEOPT UNPACKING pc=0x0000016c075823a3 sp=0x0000001be2ffe750 mode 2
Event: 3.918 Thread 0x0000016c6df38870 Uncommon trap: trap_request=0xffffff45 fr.pc=0x0000016c07b086dc relative=0x000000000000005c
Event: 3.918 Thread 0x0000016c6df38870 Uncommon trap: reason=unstable_if action=reinterpret pc=0x0000016c07b086dc method=java.lang.String.isLatin1()Z @ 10 c2
Event: 3.918 Thread 0x0000016c6df38870 DEOPT PACKING pc=0x0000016c07b086dc sp=0x0000001be2ffe290
Event: 3.918 Thread 0x0000016c6df38870 DEOPT UNPACKING pc=0x0000016c075823a3 sp=0x0000001be2ffe220 mode 2
Event: 3.919 Thread 0x0000016c6df38870 Uncommon trap: trap_request=0xffffff45 fr.pc=0x0000016c07ad7b80 relative=0x0000000000000080
Event: 3.919 Thread 0x0000016c6df38870 Uncommon trap: reason=unstable_if action=reinterpret pc=0x0000016c07ad7b80 method=java.lang.String.isLatin1()Z @ 10 c2
Event: 3.919 Thread 0x0000016c6df38870 DEOPT PACKING pc=0x0000016c07ad7b80 sp=0x0000001be2ffec40
Event: 3.919 Thread 0x0000016c6df38870 DEOPT UNPACKING pc=0x0000016c075823a3 sp=0x0000001be2ffeb80 mode 2
Event: 4.102 Thread 0x0000016c6df38870 Uncommon trap: trap_request=0xffffff45 fr.pc=0x0000016c07b0297c relative=0x00000000000001dc
Event: 4.102 Thread 0x0000016c6df38870 Uncommon trap: reason=unstable_if action=reinterpret pc=0x0000016c07b0297c method=java.lang.String.startsWith(Ljava/lang/String;I)Z @ 14 c2
Event: 4.102 Thread 0x0000016c6df38870 DEOPT PACKING pc=0x0000016c07b0297c sp=0x0000001be2ffc430
Event: 4.102 Thread 0x0000016c6df38870 DEOPT UNPACKING pc=0x0000016c075823a3 sp=0x0000001be2ffc390 mode 2
Event: 4.157 Thread 0x0000016c6df38870 Uncommon trap: trap_request=0xffffff45 fr.pc=0x0000016c07af0990 relative=0x0000000000001a50
Event: 4.157 Thread 0x0000016c6df38870 Uncommon trap: reason=unstable_if action=reinterpret pc=0x0000016c07af0990 method=jdk.internal.module.Checks.isJavaIdentifier(Ljava/lang/String;)Z @ 4 c2
Event: 4.157 Thread 0x0000016c6df38870 DEOPT PACKING pc=0x0000016c07af0990 sp=0x0000001be2ffe0a0
Event: 4.157 Thread 0x0000016c6df38870 DEOPT UNPACKING pc=0x0000016c075823a3 sp=0x0000001be2ffe008 mode 2

Classes unloaded (0 events):
No events

Classes redefined (0 events):
No events

Internal exceptions (9 events):
Event: 2.561 Thread 0x0000016c6df38870 Exception <a 'java/lang/NoSuchMethodError'{0x0000000714fc4358}: 'void java.lang.invoke.DirectMethodHandle$Holder.invokeSpecial(java.lang.Object, java.lang.Object, java.lang.Object)'> (0x0000000714fc4358) 
thrown [s\open\src\hotspot\share\interpreter\linkResolver.cpp, line 759]
Event: 3.424 Thread 0x0000016c6df38870 Exception <a 'java/lang/NoSuchMethodError'{0x0000000714ff7f18}: 'void java.lang.invoke.DirectMethodHandle$Holder.invokeVirtual(java.lang.Object, java.lang.Object)'> (0x0000000714ff7f18) 
thrown [s\open\src\hotspot\share\interpreter\linkResolver.cpp, line 759]
Event: 3.777 Thread 0x0000016c6df38870 Exception <a 'java/lang/NoSuchMethodError'{0x0000000714dccef0}: 'void java.lang.invoke.DirectMethodHandle$Holder.invokeSpecial(java.lang.Object, java.lang.Object, java.lang.Object, java.lang.Object, java.lang.Object)'> (0x0000000714dccef0) 
thrown [s\open\src\hotspot\share\interpreter\linkResolver.cpp, line 759]
Event: 3.783 Thread 0x0000016c6df38870 Exception <a 'java/lang/NoSuchMethodError'{0x0000000714de4058}: 'java.lang.Object java.lang.invoke.DirectMethodHandle$Holder.invokeInterface(java.lang.Object, java.lang.Object)'> (0x0000000714de4058) 
thrown [s\open\src\hotspot\share\interpreter\linkResolver.cpp, line 759]
Event: 3.783 Thread 0x0000016c6df38870 Exception <a 'java/lang/IncompatibleClassChangeError'{0x0000000714de76d0}: Found class java.lang.Object, but interface was expected> (0x0000000714de76d0) 
thrown [s\open\src\hotspot\share\interpreter\linkResolver.cpp, line 826]
Event: 3.789 Thread 0x0000016c6df38870 Exception <a 'java/lang/NoSuchMethodError'{0x0000000714dea498}: 'void java.lang.invoke.DirectMethodHandle$Holder.invokeStatic(java.lang.Object, java.lang.Object, java.lang.Object, java.lang.Object)'> (0x0000000714dea498) 
thrown [s\open\src\hotspot\share\interpreter\linkResolver.cpp, line 759]
Event: 3.944 Thread 0x0000016c7f5b2520 Exception <a 'java/lang/NoSuchMethodError'{0x0000000714afe4b0}: 'java.lang.Object java.lang.invoke.DirectMethodHandle$Holder.invokeStaticInit(java.lang.Object)'> (0x0000000714afe4b0) 
thrown [s\open\src\hotspot\share\interpreter\linkResolver.cpp, line 759]
Event: 3.959 Thread 0x0000016c7f5b2520 Exception <a 'java/lang/ClassNotFoundException'{0x0000000714b096b0}: jdk/net/ExtendedSocketOptions> (0x0000000714b096b0) 
thrown [s\open\src\hotspot\share\classfile\systemDictionary.cpp, line 256]
Event: 3.961 Thread 0x0000016c7f5b2520 Exception <a 'java/lang/NoSuchMethodError'{0x0000000714b0af48}: 'void java.lang.invoke.DirectMethodHandle$Holder.invokeStatic(java.lang.Object, java.lang.Object)'> (0x0000000714b0af48) 
thrown [s\open\src\hotspot\share\interpreter\linkResolver.cpp, line 759]

VM Operations (10 events):
Event: 1.460 Executing VM operation: Cleanup
Event: 1.476 Executing VM operation: Cleanup done
Event: 2.270 Executing VM operation: HandshakeAllThreads
Event: 2.270 Executing VM operation: HandshakeAllThreads done
Event: 3.278 Executing VM operation: Cleanup
Event: 3.279 Executing VM operation: Cleanup done
Event: 3.780 Executing VM operation: HandshakeAllThreads
Event: 3.780 Executing VM operation: HandshakeAllThreads done
Event: 3.927 Executing VM operation: HandshakeAllThreads
Event: 3.940 Executing VM operation: HandshakeAllThreads done

Events (20 events):
Event: 4.211 loading class java/lang/constant/MethodTypeDescImpl
Event: 4.211 loading class java/lang/constant/MethodTypeDescImpl done
Event: 4.212 loading class java/lang/constant/MethodHandleDesc
Event: 4.212 loading class java/lang/constant/MethodHandleDesc done
Event: 4.212 loading class java/lang/constant/MethodHandleDesc$1
Event: 4.212 loading class java/lang/constant/MethodHandleDesc$1 done
Event: 4.212 loading class java/lang/constant/DirectMethodHandleDescImpl
Event: 4.212 loading class java/lang/constant/DirectMethodHandleDesc
Event: 4.212 loading class java/lang/constant/DirectMethodHandleDesc done
Event: 4.212 loading class java/lang/constant/DirectMethodHandleDescImpl done
Event: 4.212 loading class java/lang/constant/DirectMethodHandleDescImpl$1
Event: 4.212 loading class java/lang/constant/DirectMethodHandleDescImpl$1 done
Event: 4.212 loading class java/lang/constant/DirectMethodHandleDesc$1
Event: 4.212 loading class java/lang/constant/DirectMethodHandleDesc$1 done
Event: 4.212 loading class java/lang/constant/PrimitiveClassDescImpl
Event: 4.213 loading class java/lang/constant/DynamicConstantDesc
Event: 4.213 loading class java/lang/constant/DynamicConstantDesc done
Event: 4.213 loading class java/lang/constant/PrimitiveClassDescImpl done
Event: 4.213 loading class java/lang/constant/DynamicConstantDesc$AnonymousDynamicConstantDesc
Event: 4.213 loading class java/lang/constant/DynamicConstantDesc$AnonymousDynamicConstantDesc done


Dynamic libraries:
0x00007ff6288a0000 - 0x00007ff6288b0000 	C:\Program Files\Java\jdk-17\bin\java.exe
0x00007ffbdf1b0000 - 0x00007ffbdf3a8000 	C:\Windows\SYSTEM32\ntdll.dll
0x00007ffbdf0a0000 - 0x00007ffbdf161000 	C:\Windows\System32\KERNEL32.DLL
0x00007ffbdc980000 - 0x00007ffbdcc76000 	C:\Windows\System32\KERNELBASE.dll
0x00007ffbdd000000 - 0x00007ffbdd100000 	C:\Windows\System32\ucrtbase.dll
0x00007ffbb9be0000 - 0x00007ffbb9bf9000 	C:\Program Files\Java\jdk-17\bin\jli.dll
0x00007ffbde3e0000 - 0x00007ffbde490000 	C:\Windows\System32\ADVAPI32.dll
0x00007ffbdf000000 - 0x00007ffbdf09e000 	C:\Windows\System32\msvcrt.dll
0x00007ffbdec80000 - 0x00007ffbded20000 	C:\Windows\System32\sechost.dll
0x00007ffbde1e0000 - 0x00007ffbde303000 	C:\Windows\System32\RPCRT4.dll
0x00007ffbdc860000 - 0x00007ffbdc887000 	C:\Windows\System32\bcrypt.dll
0x00007ffbdedd0000 - 0x00007ffbdef6f000 	C:\Windows\System32\USER32.dll
0x00007ffbdd100000 - 0x00007ffbdd122000 	C:\Windows\System32\win32u.dll
0x00007ffbdd1e0000 - 0x00007ffbdd20b000 	C:\Windows\System32\GDI32.dll
0x00007ffbdce50000 - 0x00007ffbdcf67000 	C:\Windows\System32\gdi32full.dll
0x00007ffbdc890000 - 0x00007ffbdc92d000 	C:\Windows\System32\msvcp_win.dll
0x00007ffbb9e30000 - 0x00007ffbb9e4b000 	C:\Program Files\Java\jdk-17\bin\VCRUNTIME140.dll
0x00007ffbc8820000 - 0x00007ffbc8aba000 	C:\Windows\WinSxS\amd64_microsoft.windows.common-controls_6595b64144ccf1df_6.0.19041.4355_none_60b8b9eb71f62e16\COMCTL32.dll
0x00007ffbda670000 - 0x00007ffbda67a000 	C:\Windows\SYSTEM32\VERSION.dll
0x00007ffbdd880000 - 0x00007ffbdd8af000 	C:\Windows\System32\IMM32.DLL
0x00007ffbc2120000 - 0x00007ffbc212c000 	C:\Program Files\Java\jdk-17\bin\vcruntime140_1.dll
0x00007ffbada20000 - 0x00007ffbadaae000 	C:\Program Files\Java\jdk-17\bin\msvcp140.dll
0x00007ffb73a80000 - 0x00007ffb74661000 	C:\Program Files\Java\jdk-17\bin\server\jvm.dll
0x00007ffbdec70000 - 0x00007ffbdec78000 	C:\Windows\System32\PSAPI.DLL
0x00007ffbbc0f0000 - 0x00007ffbbc0f9000 	C:\Windows\SYSTEM32\WSOCK32.dll
0x00007ffbddd20000 - 0x00007ffbddd8b000 	C:\Windows\System32\WS2_32.dll
0x00007ffbc8ad0000 - 0x00007ffbc8af7000 	C:\Windows\SYSTEM32\WINMM.dll
0x00007ffbda8c0000 - 0x00007ffbda8d2000 	C:\Windows\SYSTEM32\kernel.appcore.dll
0x00007ffbba030000 - 0x00007ffbba03a000 	C:\Program Files\Java\jdk-17\bin\jimage.dll
0x00007ffbc8b10000 - 0x00007ffbc8cf4000 	C:\Windows\SYSTEM32\DBGHELP.DLL
0x00007ffbc7720000 - 0x00007ffbc7754000 	C:\Windows\SYSTEM32\dbgcore.DLL
0x00007ffbdcf70000 - 0x00007ffbdcff2000 	C:\Windows\System32\bcryptPrimitives.dll
0x00007ffbda630000 - 0x00007ffbda63e000 	C:\Program Files\Java\jdk-17\bin\instrument.dll
0x00007ffbb9890000 - 0x00007ffbb98b5000 	C:\Program Files\Java\jdk-17\bin\java.dll
0x00007ffba1e30000 - 0x00007ffba1f07000 	C:\Program Files\Java\jdk-17\bin\jsvml.dll
0x00007ffbde490000 - 0x00007ffbdebfc000 	C:\Windows\System32\SHELL32.dll
0x00007ffbda8e0000 - 0x00007ffbdb07e000 	C:\Windows\SYSTEM32\windows.storage.dll
0x00007ffbdd8b0000 - 0x00007ffbddc03000 	C:\Windows\System32\combase.dll
0x00007ffbdc280000 - 0x00007ffbdc2ae000 	C:\Windows\SYSTEM32\Wldp.dll
0x00007ffbde310000 - 0x00007ffbde3dd000 	C:\Windows\System32\OLEAUT32.dll
0x00007ffbded20000 - 0x00007ffbdedcd000 	C:\Windows\System32\SHCORE.dll
0x00007ffbdec10000 - 0x00007ffbdec65000 	C:\Windows\System32\shlwapi.dll
0x00007ffbdc790000 - 0x00007ffbdc7b4000 	C:\Windows\SYSTEM32\profapi.dll
0x00007ffbb9bc0000 - 0x00007ffbb9bd9000 	C:\Program Files\Java\jdk-17\bin\net.dll
0x00007ffbd4f10000 - 0x00007ffbd501a000 	C:\Windows\SYSTEM32\WINHTTP.dll
0x00007ffbdbfe0000 - 0x00007ffbdc04a000 	C:\Windows\system32\mswsock.dll
0x00007ffbb8ec0000 - 0x00007ffbb8ed6000 	C:\Program Files\Java\jdk-17\bin\nio.dll
0x00007ffbb2300000 - 0x00007ffbb2318000 	C:\Program Files\Java\jdk-17\bin\zip.dll
0x00007ffbd9060000 - 0x00007ffbd907a000 	C:\Program Files\JetBrains\IntelliJ IDEA Community Edition 2023.3.2\bin\breakgen64.dll

dbghelp: loaded successfully - version: 4.0.5 - missing functions: none
symbol engine: initialized successfully - sym options: 0x614 - pdb path: .;C:\Program Files\Java\jdk-17\bin;C:\Windows\SYSTEM32;C:\Windows\WinSxS\amd64_microsoft.windows.common-controls_6595b64144ccf1df_6.0.19041.4355_none_60b8b9eb71f62e16;C:\Program Files\Java\jdk-17\bin\server;C:\Program Files\JetBrains\IntelliJ IDEA Community Edition 2023.3.2\bin

VM Arguments:
jvm_args: -javaagent:C:\Program Files\JetBrains\IntelliJ IDEA Community Edition 2023.3.2\lib\idea_rt.jar=54567:C:\Program Files\JetBrains\IntelliJ IDEA Community Edition 2023.3.2\bin -Dfile.encoding=UTF-8 --module-path=C:\Users\user\.m2\repository\eu\hansolo\tilesfx\11.48\tilesfx-11.48.jar;C:\Users\user\.m2\repository\net\synedra\validatorfx\0.4.0\validatorfx-0.4.0.jar;C:\Users\user\.m2\repository\org\openjfx\javafx-graphics\17.0.6\javafx-graphics-17.0.6-win.jar;C:\Users\user\.m2\repository\com\github\anastaciocintra\escpos-coffee\4.1.0\escpos-coffee-4.1.0.jar;C:\Users\user\.m2\repository\org\kordamp\ikonli\ikonli-javafx\12.3.1\ikonli-javafx-12.3.1.jar;C:\Users\user\.m2\repository\org\openjfx\javafx-controls\17.0.6\javafx-controls-17.0.6-win.jar;C:\Users\user\.m2\repository\org\openjfx\javafx-web\17.0.6\javafx-web-17.0.6-win.jar;C:\Users\user\.m2\repository\org\kordamp\ikonli\ikonli-typicons-pack\12.3.1\ikonli-typicons-pack-12.3.1.jar;C:\Users\user\.m2\repository\org\kordamp\ikonli\ikonli-core\12.3.1\ikonli-core-12.3.1.jar;C:\Users\user\.m2\repository\com\dlsc\formsfx\formsfx-core\11.6.0\formsfx-core-11.6.0.jar;C:\Users\user\.m2\repository\org\kordamp\ikonli\ikonli-fontawesome-pack\12.3.1\ikonli-fontawesome-pack-12.3.1.jar;C:\Users\user\Documents\SEMESTER 4\PBO\Perpustakaan\target\classes;C:\Users\user\.m2\repository\org\openjfx\javafx-base\17.0.6\javafx-base-17.0.6-win.jar;C:\Users\user\.m2\repository\org\controlsfx\controlsfx\11.1.2\controlsfx-11.1.2.jar;C:\Users\user\.m2\repository\org\openjfx\javafx-fxml\17.0.6\javafx-fxml-17.0.6-win.jar;C:\Users\user\.m2\repository\org\openjfx\javafx-media\17.0.6\javafx-media-17.0.6-win.jar;C:\Users\user\.m2\repository\org\xerial\sqlite-jdbc\3.49.1.0\sqlite-jdbc-3.49.1.0.jar;C:\Users\user\.m2\repository\org\kordamp\bootstrapfx\bootstrapfx-core\0.4.0\bootstrapfx-core-0.4.0.jar -Djdk.module.main=org.example.perpustakaan 
java_command: org.example.perpustakaan/org.example.perpustakaan.Login
java_class_path (initial): C:\Users\user\.m2\repository\org\openjfx\javafx-controls\17.0.6\javafx-controls-17.0.6.jar;C:\Users\user\.m2\repository\org\openjfx\javafx-graphics\17.0.6\javafx-graphics-17.0.6.jar;C:\Users\user\.m2\repository\org\openjfx\javafx-base\17.0.6\javafx-base-17.0.6.jar;C:\Users\user\.m2\repository\org\openjfx\javafx-fxml\17.0.6\javafx-fxml-17.0.6.jar;C:\Users\user\.m2\repository\org\openjfx\javafx-web\17.0.6\javafx-web-17.0.6.jar;C:\Users\user\.m2\repository\org\openjfx\javafx-media\17.0.6\javafx-media-17.0.6.jar;C:\Users\user\.m2\repository\org\openjfx\javafx-swing\17.0.6\javafx-swing-17.0.6.jar;C:\Users\user\.m2\repository\org\openjfx\javafx-swing\17.0.6\javafx-swing-17.0.6-win.jar;C:\Users\user\.m2\repository\org\mortbay\jetty\jetty\6.1.25\jetty-6.1.25.jar;C:\Users\user\.m2\repository\org\mortbay\jetty\jetty-util\6.1.25\jetty-util-6.1.25.jar;C:\Users\user\.m2\repository\org\mortbay\jetty\servlet-api\2.5-20081211\servlet-api-2.5-20081211.jar
Launcher Type: SUN_STANDARD

[Global flags]
     intx CICompilerCount                          = 3                                         {product} {ergonomic}
     uint ConcGCThreads                            = 1                                         {product} {ergonomic}
     uint G1ConcRefinementThreads                  = 4                                         {product} {ergonomic}
   size_t G1HeapRegionSize                         = 2097152                                   {product} {ergonomic}
    uintx GCDrainStackTargetSize                   = 64                                        {product} {ergonomic}
   size_t InitialHeapSize                          = 264241152                                 {product} {ergonomic}
   size_t MarkStackSize                            = 4194304                                   {product} {ergonomic}
   size_t MaxHeapSize                              = 4202692608                                {product} {ergonomic}
   size_t MaxNewSize                               = 2520776704                                {product} {ergonomic}
   size_t MinHeapDeltaBytes                        = 2097152                                   {product} {ergonomic}
   size_t MinHeapSize                              = 8388608                                   {product} {ergonomic}
    uintx NonNMethodCodeHeapSize                   = 5832780                                {pd product} {ergonomic}
    uintx NonProfiledCodeHeapSize                  = 122912730                              {pd product} {ergonomic}
    uintx ProfiledCodeHeapSize                     = 122912730                              {pd product} {ergonomic}
    uintx ReservedCodeCacheSize                    = 251658240                              {pd product} {ergonomic}
     bool SegmentedCodeCache                       = true                                      {product} {ergonomic}
   size_t SoftMaxHeapSize                          = 4202692608                             {manageable} {ergonomic}
     bool UseCompressedClassPointers               = true                           {product lp64_product} {ergonomic}
     bool UseCompressedOops                        = true                           {product lp64_product} {ergonomic}
     bool UseG1GC                                  = true                                      {product} {ergonomic}
     bool UseLargePagesIndividualAllocation        = false                                  {pd product} {ergonomic}

Logging:
Log output configuration:
 #0: stdout all=warning uptime,level,tags
 #1: stderr all=off uptime,level,tags

Environment Variables:
PATH=c:\program files\common files\oracle\java\javapath;C:\Windows\system32;C:\Windows;C:\Windows\system32\wbem;C:\Windows\system32\windowspowershell\v1.0\;C:\Windows\system32\openssh\;c:\program files\vim\vim91;C:\apk\gradle\gradle-8.5\bin;c:\users\user\appdata\local\programs\python\python39;c:\users\user\appdata\local\programs\python\python39\scripts;c:\mingw2\mingw\bin;c:\program files\3.2.2\bin\i386-win32;C:\Program Files\Git\cmd;C:\ProgramData\ComposerSetup\bin;C:\Program Files\nodejs\;C:\Program Files\Go\bin;C:\Program Files\PuTTY\;C:\Program Files\dotnet\;C:\xampp\php;C:\Users\user\AppData\Local\Microsoft\WindowsApps;C:\Users\user\AppData\Local\Programs\Microsoft VS Code\bin;C:\Program Files\JetBrains\WebStorm 2023.3.3\bin;;C:\Users\user\AppData\Roaming\Composer\vendor\bin;C:\Users\user\AppData\Roaming\npm;C:\Users\user\go\bin;C:\Users\user\.dotnet\tools
USERNAME=user
OS=Windows_NT
PROCESSOR_IDENTIFIER=Intel64 Family 6 Model 78 Stepping 3, GenuineIntel



---------------  S Y S T E M  ---------------

OS:
 Windows 10 , 64 bit Build 19041 (10.0.19041.4597)
OS uptime: 5 days 5:27 hours

CPU: total 4 (initial active 4) (2 cores per cpu, 2 threads per core) family 6 model 78 stepping 3 microcode 0xcc, cx8, cmov, fxsr, ht, mmx, 3dnowpref, sse, sse2, sse3, ssse3, sse4.1, sse4.2, popcnt, lzcnt, tsc, tscinvbit, avx, avx2, aes, erms, clmul, bmi1, bmi2, rtm, adx, fma, vzeroupper, clflush, clflushopt

Memory: 4k page, system-wide physical 16031M (424M free)
TotalPageFile size 46484M (AvailPageFile size 2M)
current process WorkingSet (physical memory assigned to process): 53M, peak: 53M
current process commit charge ("private bytes"): 336M, peak: 336M

vm_info: Java HotSpot(TM) 64-Bit Server VM (17.0.9+11-LTS-201) for windows-amd64 JRE (17.0.9+11-LTS-201), built on Oct 10 2023 23:16:06 by "mach5one" with MS VC++ 17.1 (VS2022)

END.
